{"/home/adminrb/MyWorkspace/recat-testing/src/components/greet/greet.tsx": {"path":"/home/adminrb/MyWorkspace/recat-testing/src/components/greet/greet.tsx","statementMap":{"0":{"start":{"line":4,"column":14},"end":{"line":6,"column":1}},"1":{"start":{"line":5,"column":2},"end":{"line":5,"column":39}}},"fnMap":{"0":{"name":"(anonymous_0)","decl":{"start":{"line":4,"column":14},"end":{"line":4,"column":15}},"loc":{"start":{"line":4,"column":37},"end":{"line":6,"column":1}},"line":4}},"branchMap":{},"s":{"0":1,"1":1},"f":{"0":1},"b":{},"_coverageSchema":"1a1c01bbd47fc00a2c39e90264f33305004495a9","hash":"372a1f9550614c2b25c655b734dc81b8d1b4d67f"}
}
